<?xml version="1.0" encoding="UTF-8"?>
<!-- Generated by org.testng.reporters.JUnitXMLReporter -->
<testsuite hostname="RAMDSING-PZK6N" ignored="0" name="searching a webdriver  keyword" tests="2" failures="0" timestamp="2021-04-16T17:10:24 IST" time="14.447" errors="0">
  <testcase name="search" time="8.087" classname="com.docker.duckduckgo.tests.SearchResultTest"/>
  <testcase name="search" time="8.646" classname="com.docker.duckduckgo.tests.SearchResultTest"/>
</testsuite> <!-- searching a webdriver  keyword -->
