<?xml version="1.0" encoding="UTF-8"?>
<!-- Generated by org.testng.reporters.JUnitXMLReporter -->
<testsuite hostname="RAMDSING-PZK6N" ignored="0" name="searching a qa keyword" tests="2" failures="0" timestamp="2021-04-16T16:55:50 IST" time="17.952" errors="0">
  <testcase name="search" time="6.108" classname="com.docker.duckduckgo.tests.SearchResultTest"/>
  <testcase name="search" time="6.627" classname="com.docker.duckduckgo.tests.SearchResultTest"/>
</testsuite> <!-- searching a qa keyword -->
