<?xml version="1.0" encoding="UTF-8"?>
<!-- Generated by org.testng.reporters.JUnitXMLReporter -->
<testsuite hostname="RAMDSING-PZK6N" ignored="0" name="searching a Ramdeep keyword" tests="2" failures="0" timestamp="2021-04-16T17:10:25 IST" time="15.395" errors="0">
  <testcase name="search" time="9.144" classname="com.docker.duckduckgo.tests.SearchResultTest"/>
  <testcase name="search" time="9.449" classname="com.docker.duckduckgo.tests.SearchResultTest"/>
</testsuite> <!-- searching a Ramdeep keyword -->
