<?xml version="1.0" encoding="UTF-8"?>
<!-- Generated by org.testng.reporters.JUnitXMLReporter -->
<testsuite hostname="RAMDSING-PZK6N" ignored="0" name="searching a webdriver training keyword" tests="3" failures="0" timestamp="2021-04-16T17:07:23 IST" time="18.873" errors="0">
  <testcase name="search" time="12.37" classname="com.docker.duckduckgo.tests.SearchResultTest"/>
  <testcase name="search" time="10.074" classname="com.docker.duckduckgo.tests.SearchResultTest"/>
  <testcase name="search" time="10.488" classname="com.docker.duckduckgo.tests.SearchResultTest"/>
</testsuite> <!-- searching a webdriver training keyword -->
