<?xml version="1.0" encoding="UTF-8"?>
<testng-results skipped="0" failed="0" ignored="0" total="1" passed="1">
  <reporter-output>
  </reporter-output>
  <suite name="duckduckgo-search-module" duration-ms="23546" started-at="2021-04-28T04:41:44 GMT" finished-at="2021-04-28T04:42:07 GMT">
    <groups>
    </groups>
    <test name="Test 4" duration-ms="23546" started-at="2021-04-28T04:41:44 GMT" finished-at="2021-04-28T04:42:07 GMT">
      <class name="com.docker.duckduckgo.tests.SearchResultTest">
        <test-method status="PASS" signature="setupDriver()[pri:0, instance:com.docker.duckduckgo.tests.SearchResultTest@c038203]" name="setupDriver" is-config="true" duration-ms="18557" started-at="2021-04-28T04:41:44 GMT" finished-at="2021-04-28T04:42:02 GMT">
          <reporter-output>
          </reporter-output>
        </test-method> <!-- setupDriver -->
        <test-method status="PASS" signature="search(java.lang.String)[pri:0, instance:com.docker.duckduckgo.tests.SearchResultTest@c038203]" name="search" duration-ms="4895" started-at="2021-04-28T04:42:02 GMT" finished-at="2021-04-28T04:42:07 GMT">
          <params>
            <param index="0">
              <value>
                <![CDATA[enjoy the day]]>
              </value>
            </param>
          </params>
          <reporter-output>
          </reporter-output>
        </test-method> <!-- search -->
        <test-method status="PASS" signature="quitBrowser()[pri:0, instance:com.docker.duckduckgo.tests.SearchResultTest@c038203]" name="quitBrowser" is-config="true" duration-ms="91" started-at="2021-04-28T04:42:07 GMT" finished-at="2021-04-28T04:42:07 GMT">
          <reporter-output>
          </reporter-output>
        </test-method> <!-- quitBrowser -->
      </class> <!-- com.docker.duckduckgo.tests.SearchResultTest -->
    </test> <!-- Test 4 -->
  </suite> <!-- duckduckgo-search-module -->
</testng-results>
